[debug] [2026-06-19T03:16:44.122Z] ----------------------------------------------------------------------
[debug] [2026-06-19T03:16:44.125Z] Command:       C:\nvm4w\nodejs\node.exe C:\Users\Moshe\AppData\Roaming\npm\node_modules\firebase-tools\lib\bin\firebase.js projects:list
[debug] [2026-06-19T03:16:44.125Z] CLI Version:   15.17.0
[debug] [2026-06-19T03:16:44.125Z] Platform:      win32
[debug] [2026-06-19T03:16:44.125Z] Node Version:  v24.15.0
[debug] [2026-06-19T03:16:44.125Z] Time:          Thu Jun 18 2026 20:16:44 GMT-0700 (Pacific Daylight Time)
[debug] [2026-06-19T03:16:44.125Z] ----------------------------------------------------------------------
[debug] 
[debug] [2026-06-19T03:16:44.128Z] >>> [apiv2][query] GET https://firebase-public.firebaseio.com/cli.json [none]
[debug] [2026-06-19T03:16:44.396Z] > command requires scopes: ["email","openid","https://www.googleapis.com/auth/cloudplatformprojects.readonly","https://www.googleapis.com/auth/firebase","https://www.googleapis.com/auth/cloud-platform"]
[debug] [2026-06-19T03:16:44.396Z] > authorizing via signed-in user (mshglck@gmail.com)
[debug] [2026-06-19T03:16:44.399Z] Checked if tokens are valid: false, expires at: 1781581585368
[debug] [2026-06-19T03:16:44.399Z] Checked if tokens are valid: false, expires at: 1781581585368
[debug] [2026-06-19T03:16:44.400Z] > refreshing access token with scopes: []
[debug] [2026-06-19T03:16:44.401Z] >>> [apiv2][query] POST https://www.googleapis.com/oauth2/v3/token [none]
[debug] [2026-06-19T03:16:44.401Z] >>> [apiv2][body] POST https://www.googleapis.com/oauth2/v3/token [omitted]
[debug] [2026-06-19T03:16:44.946Z] <<< [apiv2][status] GET https://firebase-public.firebaseio.com/cli.json 200
[debug] [2026-06-19T03:16:44.946Z] <<< [apiv2][body] GET https://firebase-public.firebaseio.com/cli.json {"cloudBuildErrorAfter":1594252800000,"cloudBuildWarnAfter":1590019200000,"defaultNode10After":1594252800000,"minVersion":"3.0.5","node8DeploysDisabledAfter":1613390400000,"node8RuntimeDisabledAfter":1615809600000,"node8WarnAfter":1600128000000}
[debug] [2026-06-19T03:16:45.298Z] <<< [apiv2][status] POST https://www.googleapis.com/oauth2/v3/token 200
[debug] [2026-06-19T03:16:45.298Z] <<< [apiv2][body] POST https://www.googleapis.com/oauth2/v3/token [omitted]
[debug] [2026-06-19T03:16:45.315Z] >>> [apiv2][query] GET https://firebase.googleapis.com/v1beta1/projects pageSize=1000
[debug] [2026-06-19T03:16:46.009Z] <<< [apiv2][status] GET https://firebase.googleapis.com/v1beta1/projects 200
[debug] [2026-06-19T03:16:46.009Z] <<< [apiv2][body] GET https://firebase.googleapis.com/v1beta1/projects [omitted]
[info] ┌────────────────────────┬────────────────────────┬────────────────┬──────────────────────┐
│ Project Display Name   │ Project ID             │ Project Number │ Resource Location ID │
├────────────────────────┼────────────────────────┼────────────────┼──────────────────────┤
│ Diamant-telecom        │ diamant-telecom        │ 287927197394   │ [Not specified]      │
├────────────────────────┼────────────────────────┼────────────────┼──────────────────────┤
│ rcuk-ivr               │ rcuk-ivr               │ 277601059677   │ [Not specified]      │
├────────────────────────┼────────────────────────┼────────────────┼──────────────────────┤
│ tai-invoice-automation │ tai-invoice-automation │ 154230252689   │ [Not specified]      │
├────────────────────────┼────────────────────────┼────────────────┼──────────────────────┤
│ UKSIMRentals           │ uksimrentals           │ 563721767168   │ [Not specified]      │
├────────────────────────┼────────────────────────┼────────────────┼──────────────────────┤
│ warning-applicaition   │ warning-applicaition   │ 985311229863   │ [Not specified]      │
└────────────────────────┴────────────────────────┴────────────────┴──────────────────────┘
[info] 
[info] 5 project(s) total.
